\BOOKMARK [0][-]{chapter*.1}{Preface}{}
\BOOKMARK [0][-]{chapter.1}{DynarchLIB overview}{}
\BOOKMARK [1][-]{section.1.1}{General purpose utilities}{chapter.1}
\BOOKMARK [0][-]{appendix.A}{Advanced JavaScript primer}{}
\BOOKMARK [1][-]{section.A.1}{Variable scope}{appendix.A}
\BOOKMARK [2][-]{subsection.A.1.1}{Shadowing variables}{section.A.1}
\BOOKMARK [2][-]{subsection.A.1.2}{Function arguments}{section.A.1}
\BOOKMARK [1][-]{section.A.2}{JavaScript object system}{appendix.A}
\BOOKMARK [2][-]{subsection.A.2.1}{Inheritance}{section.A.2}
\BOOKMARK [2][-]{subsection.A.2.2}{Overriding methods}{section.A.2}
\BOOKMARK [2][-]{subsection.A.2.3}{Run-time type information}{section.A.2}
\BOOKMARK [1][-]{section.A.3}{Objects and methods}{appendix.A}
\BOOKMARK [2][-]{subsection.A.3.1}{The Function object}{section.A.3}
\BOOKMARK [1][-]{section.A.4}{Literal notation}{appendix.A}
\BOOKMARK [1][-]{section.A.5}{Lexical closures}{appendix.A}
\BOOKMARK [1][-]{section.A.6}{Real-world closure examples}{appendix.A}
\BOOKMARK [2][-]{subsection.A.6.1}{String buffer}{section.A.6}
\BOOKMARK [2][-]{subsection.A.6.2}{Iterators}{section.A.6}
\BOOKMARK [2][-]{subsection.A.6.3}{The foreach function}{section.A.6}
\BOOKMARK [2][-]{subsection.A.6.4}{Private property}{section.A.6}
\BOOKMARK [2][-]{subsection.A.6.5}{File local variables}{section.A.6}
